Using pre-set license
Built from '6000.0/staging' branch; Version is '6000.0.24f1 (11fa355cd605) revision 1178165'; Using compiler version '193933523'; Build Type 'Release'
OS: 'Windows 11  (10.0.22631) 64bit Core' Language: 'ko' Physical Memory: 16232 MB
BatchMode: 1, IsHumanControllingUs: 0, StartBugReporterOnCrash: 0, Is64bit: 1, IsPro: 1

COMMAND LINE ARGUMENTS:
C:\Program Files\Unity\Hub\Editor\6000.0.24f1\Editor\Unity.exe
-adb2
-batchMode
-noUpm
-name
AssetImportWorker4
-projectPath
C:/Users/User/Documents/GitHub/polaris-game
-logFile
Logs/AssetImportWorker4.log
-srvPort
52419
-job-worker-count
9
-background-job-worker-count
8
-asset-garbage-collectors
1
Successfully changed project path to: C:/Users/User/Documents/GitHub/polaris-game
C:/Users/User/Documents/GitHub/polaris-game
[UnityMemory] Configuration Parameters - Can be set up in boot.config
    "memorysetup-bucket-allocator-granularity=16"
    "memorysetup-bucket-allocator-bucket-count=8"
    "memorysetup-bucket-allocator-block-size=33554432"
    "memorysetup-bucket-allocator-block-count=8"
    "memorysetup-main-allocator-block-size=16777216"
    "memorysetup-thread-allocator-block-size=16777216"
    "memorysetup-gfx-main-allocator-block-size=16777216"
    "memorysetup-gfx-thread-allocator-block-size=16777216"
    "memorysetup-cache-allocator-block-size=4194304"
    "memorysetup-typetree-allocator-block-size=2097152"
    "memorysetup-profiler-bucket-allocator-granularity=16"
    "memorysetup-profiler-bucket-allocator-bucket-count=8"
    "memorysetup-profiler-bucket-allocator-block-size=33554432"
    "memorysetup-profiler-bucket-allocator-block-count=8"
    "memorysetup-profiler-allocator-block-size=16777216"
    "memorysetup-profiler-editor-allocator-block-size=1048576"
    "memorysetup-temp-allocator-size-main=16777216"
    "memorysetup-job-temp-allocator-block-size=2097152"
    "memorysetup-job-temp-allocator-block-size-background=1048576"
    "memorysetup-job-temp-allocator-reduction-small-platforms=262144"
    "memorysetup-allocator-temp-initial-block-size-main=262144"
    "memorysetup-allocator-temp-initial-block-size-worker=262144"
    "memorysetup-temp-allocator-size-background-worker=32768"
    "memorysetup-temp-allocator-size-job-worker=262144"
    "memorysetup-temp-allocator-size-preload-manager=33554432"
    "memorysetup-temp-allocator-size-nav-mesh-worker=65536"
    "memorysetup-temp-allocator-size-audio-worker=65536"
    "memorysetup-temp-allocator-size-cloud-worker=32768"
    "memorysetup-temp-allocator-size-gi-baking-worker=262144"
    "memorysetup-temp-allocator-size-gi-baking-worker=262144"
    "memorysetup-temp-allocator-size-gi-baking-worker=262144"
    "memorysetup-temp-allocator-size-gi-baking-worker=262144"
    "memorysetup-temp-allocator-size-gi-baking-worker=262144"
    "memorysetup-temp-allocator-size-gfx=262144"
Player connection [24032]  Target information:

Player connection [24032]  * "[IP] 192.168.200.197 [Port] 0 [Flags] 2 [Guid] 203721587 [EditorId] 203721587 [Version] 1048832 [Id] WindowsEditor(7,DESKTOP-O7LU3S5) [Debug] 1 [PackageName] WindowsEditor [ProjectName] Editor" 

Player connection [24032] Host joined multi-casting on [225.0.0.222:54997]...
Player connection [24032] Host joined alternative multi-casting on [225.0.0.222:34997]...
JobSystem: Creating JobQueue using job-worker-count value 9
[Physics::Module] Initialized fallback backend.
[Physics::Module] Id: 0xdecafbad
Library Redirect Path: Library/
[Physics::Module] Selected backend.
[Physics::Module] Name: PhysX
[Physics::Module] Id: 0xf2b8ea05
[Physics::Module] SDK Version: 4.1.2
[Physics::Module] Integration Version: 1.0.0
[Physics::Module] Threading Mode: Multi-Threaded
Refreshing native plugins compatible for Editor in 0.71 ms, found 3 plugins.
Preloading 0 native plugins for Editor in 0.00 ms.
Initialize engine version: 6000.0.24f1 (11fa355cd605)
[Subsystems] Discovering subsystems at path C:/Program Files/Unity/Hub/Editor/6000.0.24f1/Editor/Data/Resources/UnitySubsystems
[Subsystems] Discovering subsystems at path C:/Users/User/Documents/GitHub/polaris-game/Assets
GfxDevice: creating device client; kGfxThreadingModeNonThreaded
Direct3D:
    Version:  Direct3D 11.0 [level 11.1]
    Renderer: NVIDIA GeForce RTX 4070 (ID=0x2786)
    Vendor:   NVIDIA
    VRAM:     12012 MB
    Driver:   32.0.15.6094
Initialize mono
Mono path[0] = 'C:/Program Files/Unity/Hub/Editor/6000.0.24f1/Editor/Data/Managed'
Mono path[1] = 'C:/Program Files/Unity/Hub/Editor/6000.0.24f1/Editor/Data/MonoBleedingEdge/lib/mono/unityjit-win32'
Mono config path = 'C:/Program Files/Unity/Hub/Editor/6000.0.24f1/Editor/Data/MonoBleedingEdge/etc'
Using monoOptions --debugger-agent=transport=dt_socket,embedding=1,server=y,suspend=n,address=127.0.0.1:56612
Begin MonoManager ReloadAssembly
Registering precompiled unity dll's ...
Register platform support module: C:/Program Files/Unity/Hub/Editor/6000.0.24f1/Editor/Data/PlaybackEngines/WindowsStandaloneSupport/UnityEditor.WindowsStandalone.Extensions.dll
Register platform support module: C:/Program Files/Unity/Hub/Editor/6000.0.24f1/Editor/Data/PlaybackEngines/AndroidPlayer/UnityEditor.Android.Extensions.dll
Registered in 0.001608 seconds.
- Loaded All Assemblies, in  0.260 seconds
Native extension for Android target not found
Android Extension - Scanning For ADB Devices 188 ms
Native extension for WindowsStandalone target not found
Mono: successfully reloaded assembly
- Finished resetting the current domain, in  0.447 seconds
Domain Reload Profiling: 707ms
	BeginReloadAssembly (90ms)
		ExecutionOrderSort (0ms)
		DisableScriptedObjects (0ms)
		BackupInstance (0ms)
		ReleaseScriptingObjects (0ms)
		CreateAndSetChildDomain (1ms)
	RebuildCommonClasses (23ms)
	RebuildNativeTypeToScriptingClass (11ms)
	initialDomainReloadingComplete (30ms)
	LoadAllAssembliesAndSetupDomain (104ms)
		LoadAssemblies (89ms)
		RebuildTransferFunctionScriptingTraits (0ms)
		AnalyzeDomain (101ms)
			TypeCache.Refresh (100ms)
				TypeCache.ScanAssembly (90ms)
			BuildScriptInfoCaches (0ms)
			ResolveRequiredComponents (0ms)
	FinalizeReload (448ms)
		ReleaseScriptCaches (0ms)
		RebuildScriptCaches (0ms)
		SetupLoadedEditorAssemblies (423ms)
			LogAssemblyErrors (0ms)
			InitializePlatformSupportModulesInManaged (244ms)
			SetLoadedEditorAssemblies (3ms)
			BeforeProcessingInitializeOnLoad (6ms)
			ProcessInitializeOnLoadAttributes (98ms)
			ProcessInitializeOnLoadMethodAttributes (48ms)
			AfterProcessingInitializeOnLoad (23ms)
			EditorAssembliesLoaded (0ms)
		ExecutionOrderSort2 (0ms)
		AwakeInstancesAfterBackupRestoration (0ms)
========================================================================
Worker process is ready to serve import requests
Import Worker Mode flag is 0x00
Begin MonoManager ReloadAssembly
- Loaded All Assemblies, in  0.952 seconds
Refreshing native plugins compatible for Editor in 0.38 ms, found 3 plugins.
Native extension for Android target not found
Native extension for WindowsStandalone target not found
Mono: successfully reloaded assembly
- Finished resetting the current domain, in  0.627 seconds
Domain Reload Profiling: 1578ms
	BeginReloadAssembly (604ms)
		ExecutionOrderSort (0ms)
		DisableScriptedObjects (4ms)
		BackupInstance (0ms)
		ReleaseScriptingObjects (0ms)
		CreateAndSetChildDomain (27ms)
	RebuildCommonClasses (23ms)
	RebuildNativeTypeToScriptingClass (7ms)
	initialDomainReloadingComplete (16ms)
	LoadAllAssembliesAndSetupDomain (300ms)
		LoadAssemblies (232ms)
		RebuildTransferFunctionScriptingTraits (0ms)
		AnalyzeDomain (137ms)
			TypeCache.Refresh (103ms)
				TypeCache.ScanAssembly (86ms)
			BuildScriptInfoCaches (29ms)
			ResolveRequiredComponents (3ms)
	FinalizeReload (627ms)
		ReleaseScriptCaches (0ms)
		RebuildScriptCaches (0ms)
		SetupLoadedEditorAssemblies (497ms)
			LogAssemblyErrors (0ms)
			InitializePlatformSupportModulesInManaged (9ms)
			SetLoadedEditorAssemblies (3ms)
			BeforeProcessingInitializeOnLoad (68ms)
			ProcessInitializeOnLoadAttributes (396ms)
			ProcessInitializeOnLoadMethodAttributes (15ms)
			AfterProcessingInitializeOnLoad (5ms)
			EditorAssembliesLoaded (0ms)
		ExecutionOrderSort2 (0ms)
		AwakeInstancesAfterBackupRestoration (4ms)
Launched and connected shader compiler UnityShaderCompiler.exe after 0.01 seconds
Refreshing native plugins compatible for Editor in 0.85 ms, found 3 plugins.
Preloading 0 native plugins for Editor in 0.00 ms.
Unloading 23 Unused Serialized files (Serialized files now loaded: 0)
Unloading 3384 unused Assets / (0.9 MB). Loaded Objects now: 4000.
Memory consumption went from 113.9 MB to 112.9 MB.
Total: 8.588100 ms (FindLiveObjects: 0.630000 ms CreateObjectMapping: 0.347500 ms MarkObjects: 6.159800 ms  DeleteObjects: 1.449300 ms)

========================================================================
Received Import Request.
  Time since last request: 43918.979865 seconds.
  path: Assets/TextMesh Pro/Resources/TMP Settings.asset
  artifactKey: Guid(3f5b5dff67a942289a9defa416b206f3) Importer(815301076,1909f56bfc062723c751e8b465ee728b)
Start importing Assets/TextMesh Pro/Resources/TMP Settings.asset using Guid(3f5b5dff67a942289a9defa416b206f3) Importer(815301076,1909f56bfc062723c751e8b465ee728b) (PreviewImporter) -> (artifact id: '6f8efac8cce6d4ad6f1f6ae305b3e59b') in 0.0373807 seconds
Number of updated asset objects reloaded before import = 0Number of asset objects unloaded after import = 15

========================================================================
Received Import Request.
  Time since last request: 1.246169 seconds.
  path: Assets/TextMesh Pro/Resources/Sprite Assets/EmojiOne.asset
  artifactKey: Guid(c41005c129ba4d66911b75229fd70b45) Importer(815301076,1909f56bfc062723c751e8b465ee728b)
Start importing Assets/TextMesh Pro/Resources/Sprite Assets/EmojiOne.asset using Guid(c41005c129ba4d66911b75229fd70b45) Importer(815301076,1909f56bfc062723c751e8b465ee728b) (PreviewImporter) -> (artifact id: '0e2d4b1837bd4da415e086859f366568') in 0.0014938 seconds
Number of updated asset objects reloaded before import = 0Number of asset objects unloaded after import = 3

========================================================================
Received Import Request.
  Time since last request: 0.403645 seconds.
  path: Assets/TextMesh Pro/Resources/Fonts & Materials/LiberationSans SDF.asset
  artifactKey: Guid(8f586378b4e144a9851e7b34d9b748ee) Importer(815301076,1909f56bfc062723c751e8b465ee728b)
Start importing Assets/TextMesh Pro/Resources/Fonts & Materials/LiberationSans SDF.asset using Guid(8f586378b4e144a9851e7b34d9b748ee) Importer(815301076,1909f56bfc062723c751e8b465ee728b) (PreviewImporter) -> (artifact id: '34e9cd96513d2bf9ae8036a291b7cfdc') in 0.0771659 seconds
Number of updated asset objects reloaded before import = 0Number of asset objects unloaded after import = 9

========================================================================
Received Import Request.
  Time since last request: 0.000029 seconds.
  path: Assets/TextMesh Pro/Resources/Fonts & Materials/NEXON Lv2 Gothic OTF Medium SDF.asset
  artifactKey: Guid(dd403cb3d510ee941aa6a9a185e8ad82) Importer(815301076,1909f56bfc062723c751e8b465ee728b)
Start importing Assets/TextMesh Pro/Resources/Fonts & Materials/NEXON Lv2 Gothic OTF Medium SDF.asset using Guid(dd403cb3d510ee941aa6a9a185e8ad82) Importer(815301076,1909f56bfc062723c751e8b465ee728b) (PreviewImporter) -> (artifact id: '3b850ca78097eb33557e58d9bd75bc38') in 0.2559167 seconds
Number of updated asset objects reloaded before import = 0Number of asset objects unloaded after import = 6

========================================================================
Received Import Request.
  Time since last request: 2.704537 seconds.
  path: Assets/Texture/New Render Texture.renderTexture
  artifactKey: Guid(563fd5c26894701449b2b6f2640f0501) Importer(815301076,1909f56bfc062723c751e8b465ee728b)
Start importing Assets/Texture/New Render Texture.renderTexture using Guid(563fd5c26894701449b2b6f2640f0501) Importer(815301076,1909f56bfc062723c751e8b465ee728b) (PreviewImporter) -> (artifact id: 'af5e6183e8997779c335eee80246abd4') in 0.0231291 seconds
Number of updated asset objects reloaded before import = 0Number of asset objects unloaded after import = 2

========================================================================
Received Import Request.
  Time since last request: 6.513388 seconds.
  path: Assets/item/weapon1/Weapons
  artifactKey: Guid(f224a421d4571474c852ca3f53911fdb) Importer(815301076,1909f56bfc062723c751e8b465ee728b)
Start importing Assets/item/weapon1/Weapons using Guid(f224a421d4571474c852ca3f53911fdb) Importer(815301076,1909f56bfc062723c751e8b465ee728b) (PreviewImporter) -> (artifact id: '8b066c3ae8b2bdbd7d7b73ab1c2b2c2a') in 0.0004171 seconds
Number of updated asset objects reloaded before import = 0Number of asset objects unloaded after import = 0

========================================================================
Received Import Request.
  Time since last request: 47.095693 seconds.
  path: Assets/item/weapon1/Weapons/Stylized
  artifactKey: Guid(ac62a34c98397d9488c7797058218fbf) Importer(815301076,1909f56bfc062723c751e8b465ee728b)
Start importing Assets/item/weapon1/Weapons/Stylized using Guid(ac62a34c98397d9488c7797058218fbf) Importer(815301076,1909f56bfc062723c751e8b465ee728b) (PreviewImporter) -> (artifact id: '504533741cb6b23d0b9465cff86b6758') in 0.0003974 seconds
Number of updated asset objects reloaded before import = 0Number of asset objects unloaded after import = 0

========================================================================
Received Import Request.
  Time since last request: 5.432236 seconds.
  path: Assets/item/weapon1/Weapons/Stylized/Staves
  artifactKey: Guid(8e0f59623c016dd48b71b4ad7ab2e662) Importer(815301076,1909f56bfc062723c751e8b465ee728b)
Start importing Assets/item/weapon1/Weapons/Stylized/Staves using Guid(8e0f59623c016dd48b71b4ad7ab2e662) Importer(815301076,1909f56bfc062723c751e8b465ee728b) (PreviewImporter) -> (artifact id: '375e04e3f97942d359898d4cb5088a58') in 0.0004506 seconds
Number of updated asset objects reloaded before import = 0Number of asset objects unloaded after import = 0

========================================================================
Received Import Request.
  Time since last request: 0.481451 seconds.
  path: Assets/item/weapon1/Weapons/Stylized/Swords
  artifactKey: Guid(11b5074efa960b54b8bd0df22f215bed) Importer(815301076,1909f56bfc062723c751e8b465ee728b)
Start importing Assets/item/weapon1/Weapons/Stylized/Swords using Guid(11b5074efa960b54b8bd0df22f215bed) Importer(815301076,1909f56bfc062723c751e8b465ee728b) (PreviewImporter) -> (artifact id: '6050bcfdc9093da25a8608a287733901') in 0.0004903 seconds
Number of updated asset objects reloaded before import = 0Number of asset objects unloaded after import = 0

========================================================================
Received Import Request.
  Time since last request: 0.842013 seconds.
  path: Assets/item/weapon1/Weapons/Stylized/Swords/_PrefabsSwords
  artifactKey: Guid(59b8b2dbd4dacab4f8a30d0ace36fb2e) Importer(815301076,1909f56bfc062723c751e8b465ee728b)
Start importing Assets/item/weapon1/Weapons/Stylized/Swords/_PrefabsSwords using Guid(59b8b2dbd4dacab4f8a30d0ace36fb2e) Importer(815301076,1909f56bfc062723c751e8b465ee728b) (PreviewImporter) -> (artifact id: 'a801161b5f29bd5c690e9573b2172531') in 0.0003678 seconds
Number of updated asset objects reloaded before import = 0Number of asset objects unloaded after import = 0

========================================================================
Received Import Request.
  Time since last request: 0.056531 seconds.
  path: Assets/item/weapon1/Weapons/Stylized/Swords/_PrefabsSwords/Sword1_1_3.prefab
  artifactKey: Guid(7d01f9f5cda21e548b98e6d01cb6c83c) Importer(815301076,1909f56bfc062723c751e8b465ee728b)
Start importing Assets/item/weapon1/Weapons/Stylized/Swords/_PrefabsSwords/Sword1_1_3.prefab using Guid(7d01f9f5cda21e548b98e6d01cb6c83c) Importer(815301076,1909f56bfc062723c751e8b465ee728b) (PreviewImporter) -> (artifact id: '9bfdb536f7a69b160d60c6af36bb1e00') in 0.0046768 seconds
Number of updated asset objects reloaded before import = 0Number of asset objects unloaded after import = 6

========================================================================
Received Import Request.
  Time since last request: 0.005370 seconds.
  path: Assets/item/weapon1/Weapons/Stylized/Swords/_PrefabsSwords/Sword3_1_3.prefab
  artifactKey: Guid(51166cbcc1bd0a04597986b62277bc94) Importer(815301076,1909f56bfc062723c751e8b465ee728b)
Start importing Assets/item/weapon1/Weapons/Stylized/Swords/_PrefabsSwords/Sword3_1_3.prefab using Guid(51166cbcc1bd0a04597986b62277bc94) Importer(815301076,1909f56bfc062723c751e8b465ee728b) (PreviewImporter) -> (artifact id: '02920b3c694c9f86bfdd5465ce9047c3') in 0.0011793 seconds
Number of updated asset objects reloaded before import = 0Number of asset objects unloaded after import = 6

========================================================================
Received Import Request.
  Time since last request: 0.003210 seconds.
  path: Assets/item/weapon1/Weapons/Stylized/Swords/_PrefabsSwords/Sword5_3_2.prefab
  artifactKey: Guid(f188613c9ba98294fa1d4ac1806d1c36) Importer(815301076,1909f56bfc062723c751e8b465ee728b)
Start importing Assets/item/weapon1/Weapons/Stylized/Swords/_PrefabsSwords/Sword5_3_2.prefab using Guid(f188613c9ba98294fa1d4ac1806d1c36) Importer(815301076,1909f56bfc062723c751e8b465ee728b) (PreviewImporter) -> (artifact id: '3cdae05cd86c7282bf1a1d034fceff07') in 0.0014982 seconds
Number of updated asset objects reloaded before import = 0Number of asset objects unloaded after import = 6

========================================================================
Received Import Request.
  Time since last request: 14.812456 seconds.
  path: Assets/item/weapon2/Art/Models/Axes/AxeA.fbx
  artifactKey: Guid(4100eb4386873744a9a249df0ef685c5) Importer(815301076,1909f56bfc062723c751e8b465ee728b)
Start importing Assets/item/weapon2/Art/Models/Axes/AxeA.fbx using Guid(4100eb4386873744a9a249df0ef685c5) Importer(815301076,1909f56bfc062723c751e8b465ee728b) (PreviewImporter) -> (artifact id: 'aa34048ca548d34b34c6b55096871bb9') in 0.0431192 seconds
Number of updated asset objects reloaded before import = 0Number of asset objects unloaded after import = 8

========================================================================
Received Import Request.
  Time since last request: 0.000026 seconds.
  path: Assets/item/weapon2/Art/Models/Bows/BowA.fbx
  artifactKey: Guid(22507595060091c4e81f098d6f99e5b1) Importer(815301076,1909f56bfc062723c751e8b465ee728b)
Start importing Assets/item/weapon2/Art/Models/Bows/BowA.fbx using Guid(22507595060091c4e81f098d6f99e5b1) Importer(815301076,1909f56bfc062723c751e8b465ee728b) (PreviewImporter) -> (artifact id: '0044303b243684b12a7bacf4404af5f5') in 0.0224862 seconds
Number of updated asset objects reloaded before import = 0Number of asset objects unloaded after import = 8

========================================================================
Received Import Request.
  Time since last request: 0.000018 seconds.
  path: Assets/item/weapon2/Art/Models/Axes/AxeD.fbx
  artifactKey: Guid(1ce042ebcf9227042b4f273c5e787695) Importer(815301076,1909f56bfc062723c751e8b465ee728b)
Start importing Assets/item/weapon2/Art/Models/Axes/AxeD.fbx using Guid(1ce042ebcf9227042b4f273c5e787695) Importer(815301076,1909f56bfc062723c751e8b465ee728b) (PreviewImporter) -> (artifact id: '98af1cd3ff88b36e951ff65202be85af') in 0.0195838 seconds
Number of updated asset objects reloaded before import = 0Number of asset objects unloaded after import = 8

========================================================================
Received Import Request.
  Time since last request: 0.000026 seconds.
  path: Assets/item/weapon1/Weapons/Stylized/Axes/BasicAxes/Meshes_BasicAxes/AxeBasic1.fbx
  artifactKey: Guid(8d5f22978ed726e4e9cb2c84b5611631) Importer(815301076,1909f56bfc062723c751e8b465ee728b)
Start importing Assets/item/weapon1/Weapons/Stylized/Axes/BasicAxes/Meshes_BasicAxes/AxeBasic1.fbx using Guid(8d5f22978ed726e4e9cb2c84b5611631) Importer(815301076,1909f56bfc062723c751e8b465ee728b) (PreviewImporter) -> (artifact id: 'ffa34f6ccab8e24a7c1be3dc75bb0a0b') in 0.0193576 seconds
Number of updated asset objects reloaded before import = 0Number of asset objects unloaded after import = 8

========================================================================
Received Import Request.
  Time since last request: 1.166799 seconds.
  path: Assets/item/weapon2/Art/Models/Bows/BowC.fbx
  artifactKey: Guid(e3fb2eb4451fc5e4f82138df455f21b9) Importer(815301076,1909f56bfc062723c751e8b465ee728b)
Start importing Assets/item/weapon2/Art/Models/Bows/BowC.fbx using Guid(e3fb2eb4451fc5e4f82138df455f21b9) Importer(815301076,1909f56bfc062723c751e8b465ee728b) (PreviewImporter) -> (artifact id: 'c1b8aace9d595b8ddecb09d30e828c50') in 0.0185784 seconds
Number of updated asset objects reloaded before import = 0Number of asset objects unloaded after import = 8

========================================================================
Received Import Request.
  Time since last request: 0.055455 seconds.
  path: Assets/item/weapon1/Weapons/Stylized/Daggers/Meshes_Dagger/Dagger4_1.fbx
  artifactKey: Guid(142cf5522d969344aadffa0389868a14) Importer(815301076,1909f56bfc062723c751e8b465ee728b)
Start importing Assets/item/weapon1/Weapons/Stylized/Daggers/Meshes_Dagger/Dagger4_1.fbx using Guid(142cf5522d969344aadffa0389868a14) Importer(815301076,1909f56bfc062723c751e8b465ee728b) (PreviewImporter) -> (artifact id: '2c80bd315e79571b8f858af7b46b5efd') in 0.0185992 seconds
Number of updated asset objects reloaded before import = 0Number of asset objects unloaded after import = 8

========================================================================
Received Import Request.
  Time since last request: 0.000013 seconds.
  path: Assets/item/weapon2/Art/Models/Daggers/DaggerA.fbx
  artifactKey: Guid(e2f5bc2a3f04aaa4e9c0222e250f8036) Importer(815301076,1909f56bfc062723c751e8b465ee728b)
Start importing Assets/item/weapon2/Art/Models/Daggers/DaggerA.fbx using Guid(e2f5bc2a3f04aaa4e9c0222e250f8036) Importer(815301076,1909f56bfc062723c751e8b465ee728b) (PreviewImporter) -> (artifact id: 'ebe48033da102d707377d96d21646850') in 0.0197924 seconds
Number of updated asset objects reloaded before import = 0Number of asset objects unloaded after import = 8

========================================================================
Received Import Request.
  Time since last request: 0.305119 seconds.
  path: Assets/item/weapon2/Art/Models/Daggers/DaggerC.fbx
  artifactKey: Guid(9bc1a3eea58ca334da4eb033b0bc953f) Importer(815301076,1909f56bfc062723c751e8b465ee728b)
Start importing Assets/item/weapon2/Art/Models/Daggers/DaggerC.fbx using Guid(9bc1a3eea58ca334da4eb033b0bc953f) Importer(815301076,1909f56bfc062723c751e8b465ee728b) (PreviewImporter) -> (artifact id: '7626333af5fa438269e6081f071da81c') in 0.0164264 seconds
Number of updated asset objects reloaded before import = 0Number of asset objects unloaded after import = 8

========================================================================
Received Import Request.
  Time since last request: 0.000012 seconds.
  path: Assets/item/weapon1/Weapons/Stylized/Swords/Meshes_Swords/Sword1_1.fbx
  artifactKey: Guid(dcb59fee8e3b099479b4561f13007ff2) Importer(815301076,1909f56bfc062723c751e8b465ee728b)
Start importing Assets/item/weapon1/Weapons/Stylized/Swords/Meshes_Swords/Sword1_1.fbx using Guid(dcb59fee8e3b099479b4561f13007ff2) Importer(815301076,1909f56bfc062723c751e8b465ee728b) (PreviewImporter) -> (artifact id: 'ac674e3780d8a9d7cda60c14f7fb4a28') in 0.0201159 seconds
Number of updated asset objects reloaded before import = 0Number of asset objects unloaded after import = 8

========================================================================
Received Import Request.
  Time since last request: 0.031515 seconds.
  path: Assets/item/weapon1/Weapons/Stylized/Swords/Meshes_Swords/Sword3_1.fbx
  artifactKey: Guid(c949e059c37db5943b4fa5defa922c0f) Importer(815301076,1909f56bfc062723c751e8b465ee728b)
Start importing Assets/item/weapon1/Weapons/Stylized/Swords/Meshes_Swords/Sword3_1.fbx using Guid(c949e059c37db5943b4fa5defa922c0f) Importer(815301076,1909f56bfc062723c751e8b465ee728b) (PreviewImporter) -> (artifact id: '95b7a997e71c32405e583fb3dc59815c') in 0.0186372 seconds
Number of updated asset objects reloaded before import = 0Number of asset objects unloaded after import = 8

========================================================================
Received Import Request.
  Time since last request: 0.263822 seconds.
  path: Assets/item/weapon1/Weapons/Stylized/Swords/Meshes_Swords/Sword5_3.fbx
  artifactKey: Guid(16116891b9334a846b06ba79695b265d) Importer(815301076,1909f56bfc062723c751e8b465ee728b)
Start importing Assets/item/weapon1/Weapons/Stylized/Swords/Meshes_Swords/Sword5_3.fbx using Guid(16116891b9334a846b06ba79695b265d) Importer(815301076,1909f56bfc062723c751e8b465ee728b) (PreviewImporter) -> (artifact id: 'dad3db8b18bd200a7e414300881e035b') in 0.0199213 seconds
Number of updated asset objects reloaded before import = 0Number of asset objects unloaded after import = 8

========================================================================
Received Import Request.
  Time since last request: 0.047034 seconds.
  path: Assets/item/weapon1/Weapons/Stylized/Musket/Meshes_Musket/Musket1_2.fbx
  artifactKey: Guid(a4a4bc307e633e845b256f7020518a20) Importer(815301076,1909f56bfc062723c751e8b465ee728b)
Start importing Assets/item/weapon1/Weapons/Stylized/Musket/Meshes_Musket/Musket1_2.fbx using Guid(a4a4bc307e633e845b256f7020518a20) Importer(815301076,1909f56bfc062723c751e8b465ee728b) (PreviewImporter) -> (artifact id: 'e58e0cf0b5e557abd507c1931a1edffd') in 0.0208389 seconds
Number of updated asset objects reloaded before import = 0Number of asset objects unloaded after import = 8

========================================================================
Received Import Request.
  Time since last request: 0.000014 seconds.
  path: Assets/item/weapon1/Weapons/Stylized/Scythes/Meshes_Scythes/Scythe1_3.fbx
  artifactKey: Guid(fe2302fad0d4e8546bb869b34853d39c) Importer(815301076,1909f56bfc062723c751e8b465ee728b)
Start importing Assets/item/weapon1/Weapons/Stylized/Scythes/Meshes_Scythes/Scythe1_3.fbx using Guid(fe2302fad0d4e8546bb869b34853d39c) Importer(815301076,1909f56bfc062723c751e8b465ee728b) (PreviewImporter) -> (artifact id: 'd45feb1e15054081e671e087b05ecfdd') in 0.0203253 seconds
Number of updated asset objects reloaded before import = 0Number of asset objects unloaded after import = 8

========================================================================
Received Import Request.
  Time since last request: 0.258936 seconds.
  path: Assets/item/weapon1/Weapons/Stylized/Shields/Meshes_Shields/SHIELD_EVO_02_V1.fbx
  artifactKey: Guid(35b5513c44473ed428cee7c298f6b915) Importer(815301076,1909f56bfc062723c751e8b465ee728b)
Start importing Assets/item/weapon1/Weapons/Stylized/Shields/Meshes_Shields/SHIELD_EVO_02_V1.fbx using Guid(35b5513c44473ed428cee7c298f6b915) Importer(815301076,1909f56bfc062723c751e8b465ee728b) (PreviewImporter) -> (artifact id: '2cb313aa3fa6eb3902e8e9090f606fb7') in 0.017469 seconds
Number of updated asset objects reloaded before import = 0Number of asset objects unloaded after import = 8

========================================================================
Received Import Request.
  Time since last request: 0.040780 seconds.
  path: Assets/item/weapon1/Weapons/Stylized/Shields/Meshes_Shields/SHIELD_HANDLE_ARM_01.fbx
  artifactKey: Guid(319788bf00c7ba84cba6213d0d4920b4) Importer(815301076,1909f56bfc062723c751e8b465ee728b)
Start importing Assets/item/weapon1/Weapons/Stylized/Shields/Meshes_Shields/SHIELD_HANDLE_ARM_01.fbx using Guid(319788bf00c7ba84cba6213d0d4920b4) Importer(815301076,1909f56bfc062723c751e8b465ee728b) (PreviewImporter) -> (artifact id: '02de3aecd6e27a972b1146be15b10780') in 0.0180851 seconds
Number of updated asset objects reloaded before import = 0Number of asset objects unloaded after import = 8

========================================================================
Received Import Request.
  Time since last request: 3.688865 seconds.
  path: Assets/item/weapon1/Weapons/Stylized/Swords/Materials_Swords/Sword1_1_3.mat
  artifactKey: Guid(dd6f9ee0441e2f747b67a5f581c65350) Importer(815301076,1909f56bfc062723c751e8b465ee728b)
Start importing Assets/item/weapon1/Weapons/Stylized/Swords/Materials_Swords/Sword1_1_3.mat using Guid(dd6f9ee0441e2f747b67a5f581c65350) Importer(815301076,1909f56bfc062723c751e8b465ee728b) (PreviewImporter) -> (artifact id: '1aec7730640fb4d9dffb4b77b97db601') in 0.0365592 seconds
Number of updated asset objects reloaded before import = 0Number of asset objects unloaded after import = 1

========================================================================
Received Import Request.
  Time since last request: 1.025964 seconds.
  path: Assets/item/weapon1/Weapons/Stylized/Swords/Textures_Swords/Sword1_1_3_AO.png
  artifactKey: Guid(3502a47b07236a6418ef892620662262) Importer(815301076,1909f56bfc062723c751e8b465ee728b)
Start importing Assets/item/weapon1/Weapons/Stylized/Swords/Textures_Swords/Sword1_1_3_AO.png using Guid(3502a47b07236a6418ef892620662262) Importer(815301076,1909f56bfc062723c751e8b465ee728b) (PreviewImporter) -> (artifact id: '7bd2bf3dd06ddec1bc38f40cf760acf6') in 0.0143484 seconds
Number of updated asset objects reloaded before import = 0Number of asset objects unloaded after import = 2

========================================================================
Received Import Request.
  Time since last request: 0.002039 seconds.
  path: Assets/item/weapon1/Weapons/Stylized/Swords/Textures_Swords/Sword1_1_3_Metallic.png
  artifactKey: Guid(ab8daedc253b6d845b99bd66aa616687) Importer(815301076,1909f56bfc062723c751e8b465ee728b)
Start importing Assets/item/weapon1/Weapons/Stylized/Swords/Textures_Swords/Sword1_1_3_Metallic.png using Guid(ab8daedc253b6d845b99bd66aa616687) Importer(815301076,1909f56bfc062723c751e8b465ee728b) (PreviewImporter) -> (artifact id: '172b78212f86a1061d8043ff446cd35a') in 0.0171736 seconds
Number of updated asset objects reloaded before import = 0Number of asset objects unloaded after import = 2

========================================================================
Received Import Request.
  Time since last request: 0.017008 seconds.
  path: Assets/item/weapon1/Weapons/Stylized/Swords/Textures_Swords/Sword2_3_3_BaseColor.png
  artifactKey: Guid(ea21b665d61e72b46a303ba99cbf2847) Importer(815301076,1909f56bfc062723c751e8b465ee728b)
Start importing Assets/item/weapon1/Weapons/Stylized/Swords/Textures_Swords/Sword2_3_3_BaseColor.png using Guid(ea21b665d61e72b46a303ba99cbf2847) Importer(815301076,1909f56bfc062723c751e8b465ee728b) (PreviewImporter) -> (artifact id: '7101ef91d0b091679967ed90078afe6a') in 0.0177428 seconds
Number of updated asset objects reloaded before import = 0Number of asset objects unloaded after import = 2

========================================================================
Received Import Request.
  Time since last request: 0.013890 seconds.
  path: Assets/item/weapon1/Weapons/Stylized/Swords/Textures_Swords/Sword2_3_3_Normal.png
  artifactKey: Guid(e1d416657d6eb48439fd998192954af7) Importer(815301076,1909f56bfc062723c751e8b465ee728b)
Start importing Assets/item/weapon1/Weapons/Stylized/Swords/Textures_Swords/Sword2_3_3_Normal.png using Guid(e1d416657d6eb48439fd998192954af7) Importer(815301076,1909f56bfc062723c751e8b465ee728b) (PreviewImporter) -> (artifact id: '6d8d93fc13e0cff04e3dbdabb9b2a3e8') in 0.0337768 seconds
Number of updated asset objects reloaded before import = 0Number of asset objects unloaded after import = 2

Editor requested this worker to shutdown with reason: Scaling down because of idle timeout
AssetImportWorker is now disconnected from the server
Process exiting
Exiting without the bug reporter. Application will terminate with return code 0